<?xml version="1.0" encoding="UTF-8"?>
<!-- Generated by org.testng.reporters.JUnitReportReporter -->
<testsuite skipped="0" hostname="DESKTOP-O2O867P" name="testNG.TestNGAnnotations2" tests="4" failures="1" timestamp="2020-11-01T17:51:57 IST" time="11.598" errors="0">
  <testcase name="openURL" time="11.586" classname="testNG.TestNGAnnotations2"/>
  <system-out>
On Test Start openURL User is on https://www.flipkart.com/ Page Title is Online Shopping Site for Mobiles, Electronics, Furniture, Grocery, Lifestyle, Books & More. Best Offers! On Test Success openURL  </system-out>
  <testcase name="searchProduct" time="0.002" classname="testNG.TestNGAnnotations2"/>
  <system-out>
On Test Start searchProduct On Test Success searchProduct  </system-out>
  <testcase name="plp" time="0.002" classname="testNG.TestNGAnnotations2"/>
  <system-out>
On Test Start plp On Test Success plp  </system-out>
  <testcase name="pdp" time="0.008" classname="testNG.TestNGAnnotations2">
    <failure type="java.lang.AssertionError" message="Fail">
      <![CDATA[java.lang.AssertionError: Fail
at org.junit.Assert.fail(Assert.java:88)
at testNG.TestNGAnnotations2.pdp(TestNGAnnotations2.java:36)
at sun.reflect.NativeMethodAccessorImpl.invoke0(Native Method)
at sun.reflect.NativeMethodAccessorImpl.invoke(NativeMethodAccessorImpl.java:62)
at sun.reflect.DelegatingMethodAccessorImpl.invoke(DelegatingMethodAccessorImpl.java:43)
at java.lang.reflect.Method.invoke(Method.java:498)
at org.testng.internal.MethodInvocationHelper.invokeMethod(MethodInvocationHelper.java:132)
at org.testng.internal.TestInvoker.invokeMethod(TestInvoker.java:599)
at org.testng.internal.TestInvoker.invokeTestMethod(TestInvoker.java:174)
at org.testng.internal.MethodRunner.runInSequence(MethodRunner.java:46)
at org.testng.internal.TestInvoker$MethodInvocationAgent.invoke(TestInvoker.java:822)
at org.testng.internal.TestInvoker.invokeTestMethods(TestInvoker.java:147)
at org.testng.internal.TestMethodWorker.invokeTestMethods(TestMethodWorker.java:146)
at org.testng.internal.TestMethodWorker.run(TestMethodWorker.java:128)
at java.util.concurrent.ThreadPoolExecutor.runWorker(ThreadPoolExecutor.java:1149)
at java.util.concurrent.ThreadPoolExecutor$Worker.run(ThreadPoolExecutor.java:624)
at java.lang.Thread.run(Thread.java:748)
]]>
    </failure>
  </testcase> <!-- pdp -->
  <system-out>
On Test Start pdp  </system-out>
</testsuite> <!-- testNG.TestNGAnnotations2 -->
